<?xml version="1.0" encoding="UTF-8"?>
<testsuite xmlns:xsi="http://www.w3.org/2001/XMLSchema-instance" xsi:noNamespaceSchemaLocation="https://maven.apache.org/surefire/maven-surefire-plugin/xsd/surefire-test-report.xsd" name="TestSuite" time="12.518" tests="2" errors="0" skipped="0" failures="0">
  <properties>
[...]
</properties>
  <testcase name="testingAllure1" classname="allTests.AddRemove_Elements" time="0.027"/>
  <testcase name="testingAllure2" classname="allTests.AddRemove_Elements" time="0.004"/>
</testsuite>