<?xml version="1.0" encoding="UTF-8"?>
<testng-results ignored="0" total="2" passed="2" failed="0" skipped="0">
  <reporter-output>
  </reporter-output>
  <suite started-at="2019-05-10T06:26:31Z" name="Suite1" finished-at="2019-05-10T06:26:32Z" duration-ms="304">
    <groups>
    </groups>
    <test started-at="2019-05-10T06:26:31Z" name="SuiteTest" finished-at="2019-05-10T06:26:31Z" duration-ms="11">
    </test> <!-- SuiteTest -->
    <test started-at="2019-05-10T06:26:32Z" name="Test" finished-at="2019-05-10T06:26:32Z" duration-ms="116">
      <class name="allTests.AddRemove_Elements">
        <test-method signature="testingAllure1()[pri:0, instance:allTests.AddRemove_Elements@4b6e2263]" started-at="2019-05-10T06:26:32Z" name="testingAllure1" finished-at="2019-05-10T06:26:32Z" duration-ms="63" status="PASS">
          <reporter-output>
          </reporter-output>
        </test-method> <!-- testingAllure1 -->
        <test-method signature="testingAllure2()[pri:0, instance:allTests.AddRemove_Elements@4b6e2263]" started-at="2019-05-10T06:26:32Z" name="testingAllure2" finished-at="2019-05-10T06:26:32Z" duration-ms="3" status="PASS">
          <reporter-output>
          </reporter-output>
        </test-method> <!-- testingAllure2 -->
      </class> <!-- allTests.AddRemove_Elements -->
      <class name="testSuiteSetup.TestSuiteSetup">
        <test-method is-config="true" signature="initializeDriver()[pri:0, instance:testSuiteSetup.TestSuiteSetup@38aa816f]" started-at="2019-05-10T06:26:21Z" name="initializeDriver" finished-at="2019-05-10T06:26:31Z" duration-ms="10400" status="PASS">
          <reporter-output>
          </reporter-output>
        </test-method> <!-- initializeDriver -->
      </class> <!-- testSuiteSetup.TestSuiteSetup -->
    </test> <!-- Test -->
  </suite> <!-- Suite1 -->
</testng-results>
