<?xml version="1.0" encoding="UTF-8"?>
<testng-results ignored="0" total="1" passed="1" failed="0" skipped="0">
  <reporter-output>
  </reporter-output>
  <suite started-at="2019-08-15T10:08:15Z" name="Default suite" finished-at="2019-08-15T10:08:40Z" duration-ms="25370">
    <groups>
    </groups>
    <test started-at="2019-08-15T10:08:15Z" name="Default test" finished-at="2019-08-15T10:08:40Z" duration-ms="25370">
      <class name="com.crossover.e2e.GMailTest">
        <test-method is-config="true" signature="setUp()[pri:0, instance:com.crossover.e2e.GMailTest@3a079870]" started-at="2019-08-15T10:08:15Z" name="setUp" finished-at="2019-08-15T10:08:19Z" duration-ms="3625" status="PASS">
          <reporter-output>
          </reporter-output>
        </test-method> <!-- setUp -->
        <test-method signature="testSendEmail()[pri:0, instance:com.crossover.e2e.GMailTest@3a079870]" started-at="2019-08-15T10:08:19Z" name="testSendEmail" finished-at="2019-08-15T10:08:40Z" duration-ms="21698" status="PASS">
          <reporter-output>
          </reporter-output>
        </test-method> <!-- testSendEmail -->
        <test-method is-config="true" signature="tearDown()[pri:0, instance:com.crossover.e2e.GMailTest@3a079870]" started-at="2019-08-15T10:08:40Z" name="tearDown" finished-at="2019-08-15T10:08:40Z" duration-ms="0" status="PASS">
          <reporter-output>
          </reporter-output>
        </test-method> <!-- tearDown -->
      </class> <!-- com.crossover.e2e.GMailTest -->
    </test> <!-- Default test -->
  </suite> <!-- Default suite -->
</testng-results>
